		Initializing .... 

Total memory allocated = 5454196
		Begin Printing Seed information

Seed point: 9 31 	Path 0 0 	User path -1 -1 -1

---------------------

Print path: 



[9 31] 

		Begin Printing Seed information

Seed point: 9 31 	Path 0 20 	User path 0 39 0

Seed point: 13 47 	Path 21 21 	User path 59 59 59

---------------------

Print path: 



[9 31] [9 32] [10 32] [10 33] [10 34] [10 35] [10 36] 
[10 37] [10 38] [10 39] [10 40] [10 41] [10 42] [10 43] 
[10 44] [10 45] [11 45] [12 45] [12 46] [12 47] [13 47] 
[13 47] 

		Begin Printing Seed information

Seed point: 9 31 	Path 0 20 	User path 0 39 0

Seed point: 13 47 	Path 21 42 	User path 39 76 39

Seed point: 21 60 	Path 43 43 	User path 102 102 102

---------------------

Print path: 



[9 31] [9 32] [10 32] [10 33] [10 34] [10 35] [10 36] 
[10 37] [10 38] [10 39] [10 40] [10 41] [10 42] [10 43] 
[10 44] [10 45] [11 45] [12 45] [12 46] [12 47] [13 47] 
[13 47] [13 48] [13 49] [14 49] [14 50] [14 51] [15 51] 
[15 52] [15 53] [16 53] [16 54] [16 55] [17 55] [17 56] 
[18 56] [18 57] [18 58] [19 58] [19 59] [20 59] [20 60] 
[21 60] [21 60] 

		Begin Printing Seed information

Seed point: 9 31 	Path 0 20 	User path 0 39 0

Seed point: 13 47 	Path 21 42 	User path 39 76 39

Seed point: 21 60 	Path 43 72 	User path 76 133 76

Seed point: 37 73 	Path 73 73 	User path 133 133 133

---------------------

Print path: 



[9 31] [9 32] [10 32] [10 33] [10 34] [10 35] [10 36] 
[10 37] [10 38] [10 39] [10 40] [10 41] [10 42] [10 43] 
[10 44] [10 45] [11 45] [12 45] [12 46] [12 47] [13 47] 
[13 47] [13 48] [13 49] [14 49] [14 50] [14 51] [15 51] 
[15 52] [15 53] [16 53] [16 54] [16 55] [17 55] [17 56] 
[18 56] [18 57] [18 58] [19 58] [19 59] [20 59] [20 60] 
[21 60] [21 60] [21 61] [22 61] [22 62] [22 63] [23 63] 
[23 64] [24 64] [24 65] [25 65] [25 66] [26 66] [27 66] 
[27 67] [28 67] [28 68] [29 68] [29 69] [30 69] [30 70] 
[31 70] [32 70] [32 71] [33 71] [34 71] [34 72] [35 72] 
[36 72] [36 73] [37 73] [37 73] 

		Begin Printing Seed information

Seed point: 9 31 	Path 0 20 	User path 0 39 0

Seed point: 13 47 	Path 21 42 	User path 39 76 39

Seed point: 21 60 	Path 43 72 	User path 76 133 76

Seed point: 37 73 	Path 73 94 	User path 133 172 133

Seed point: 25 82 	Path 95 95 	User path 196 196 196

---------------------

Print path: 



[9 31] [9 32] [10 32] [10 33] [10 34] [10 35] [10 36] 
[10 37] [10 38] [10 39] [10 40] [10 41] [10 42] [10 43] 
[10 44] [10 45] [11 45] [12 45] [12 46] [12 47] [13 47] 
[13 47] [13 48] [13 49] [14 49] [14 50] [14 51] [15 51] 
[15 52] [15 53] [16 53] [16 54] [16 55] [17 55] [17 56] 
[18 56] [18 57] [18 58] [19 58] [19 59] [20 59] [20 60] 
[21 60] [21 60] [21 61] [22 61] [22 62] [22 63] [23 63] 
[23 64] [24 64] [24 65] [25 65] [25 66] [26 66] [27 66] 
[27 67] [28 67] [28 68] [29 68] [29 69] [30 69] [30 70] 
[31 70] [32 70] [32 71] [33 71] [34 71] [34 72] [35 72] 
[36 72] [36 73] [37 73] [37 73] [36 73] [36 74] [35 74] 
[35 75] [34 75] [33 75] [33 76] [32 76] [31 76] [31 77] 
[30 77] [30 78] [29 78] [29 79] [28 79] [27 79] [27 80] 
[26 80] [26 81] [25 81] [25 82] [25 82] 

		Begin Printing Seed information

Seed point: 9 31 	Path 0 20 	User path 0 39 0

Seed point: 13 47 	Path 21 42 	User path 39 76 39

Seed point: 21 60 	Path 43 72 	User path 76 133 76

Seed point: 37 73 	Path 73 94 	User path 133 172 133

Seed point: 25 82 	Path 95 115 	User path 172 208 172

Seed point: 16 93 	Path 116 116 	User path 228 228 228

---------------------

Print path: 



[9 31] [9 32] [10 32] [10 33] [10 34] [10 35] [10 36] 
[10 37] [10 38] [10 39] [10 40] [10 41] [10 42] [10 43] 
[10 44] [10 45] [11 45] [12 45] [12 46] [12 47] [13 47] 
[13 47] [13 48] [13 49] [14 49] [14 50] [14 51] [15 51] 
[15 52] [15 53] [16 53] [16 54] [16 55] [17 55] [17 56] 
[18 56] [18 57] [18 58] [19 58] [19 59] [20 59] [20 60] 
[21 60] [21 60] [21 61] [22 61] [22 62] [22 63] [23 63] 
[23 64] [24 64] [24 65] [25 65] [25 66] [26 66] [27 66] 
[27 67] [28 67] [28 68] [29 68] [29 69] [30 69] [30 70] 
[31 70] [32 70] [32 71] [33 71] [34 71] [34 72] [35 72] 
[36 72] [36 73] [37 73] [37 73] [36 73] [36 74] [35 74] 
[35 75] [34 75] [33 75] [33 76] [32 76] [31 76] [31 77] 
[30 77] [30 78] [29 78] [29 79] [28 79] [27 79] [27 80] 
[26 80] [26 81] [25 81] [25 82] [25 82] [24 82] [24 83] 
[23 83] [23 84] [22 84] [22 85] [21 85] [21 86] [20 86] 
[20 87] [20 88] [19 88] [19 89] [18 89] [18 90] [17 90] 
[17 91] [17 92] [16 92] [16 93] [16 93] 

		Begin Printing Seed information

Seed point: 9 31 	Path 0 20 	User path 0 39 0

Seed point: 13 47 	Path 21 42 	User path 39 76 39

Seed point: 21 60 	Path 43 72 	User path 76 133 76

Seed point: 37 73 	Path 73 94 	User path 133 172 133

Seed point: 25 82 	Path 95 115 	User path 172 208 172

Seed point: 16 93 	Path 116 130 	User path 208 238 208

Seed point: 10 101 	Path 131 131 	User path 238 238 238

---------------------

Print path: 



[9 31] [9 32] [10 32] [10 33] [10 34] [10 35] [10 36] 
[10 37] [10 38] [10 39] [10 40] [10 41] [10 42] [10 43] 
[10 44] [10 45] [11 45] [12 45] [12 46] [12 47] [13 47] 
[13 47] [13 48] [13 49] [14 49] [14 50] [14 51] [15 51] 
[15 52] [15 53] [16 53] [16 54] [16 55] [17 55] [17 56] 
[18 56] [18 57] [18 58] [19 58] [19 59] [20 59] [20 60] 
[21 60] [21 60] [21 61] [22 61] [22 62] [22 63] [23 63] 
[23 64] [24 64] [24 65] [25 65] [25 66] [26 66] [27 66] 
[27 67] [28 67] [28 68] [29 68] [29 69] [30 69] [30 70] 
[31 70] [32 70] [32 71] [33 71] [34 71] [34 72] [35 72] 
[36 72] [36 73] [37 73] [37 73] [36 73] [36 74] [35 74] 
[35 75] [34 75] [33 75] [33 76] [32 76] [31 76] [31 77] 
[30 77] [30 78] [29 78] [29 79] [28 79] [27 79] [27 80] 
[26 80] [26 81] [25 81] [25 82] [25 82] [24 82] [24 83] 
[23 83] [23 84] [22 84] [22 85] [21 85] [21 86] [20 86] 
[20 87] [20 88] [19 88] [19 89] [18 89] [18 90] [17 90] 
[17 91] [17 92] [16 92] [16 93] [16 93] [15 93] [15 94] 
[15 95] [14 95] [14 96] [13 96] [13 97] [13 98] [12 98] 
[12 99] [12 100] [11 100] [11 101] [10 101] [10 101] 

		Begin Printing Seed information

Seed point: 9 31 	Path 0 20 	User path 0 39 0

Seed point: 13 47 	Path 21 42 	User path 39 76 39

Seed point: 21 60 	Path 43 72 	User path 76 133 76

Seed point: 37 73 	Path 73 94 	User path 133 172 133

Seed point: 25 82 	Path 95 115 	User path 172 208 172

Seed point: 16 93 	Path 116 130 	User path 208 238 208

Seed point: 10 101 	Path 131 159 	User path 238 294 238

Seed point: 34 105 	Path 160 160 	User path 294 294 294

---------------------

Print path: 



[9 31] [9 32] [10 32] [10 33] [10 34] [10 35] [10 36] 
[10 37] [10 38] [10 39] [10 40] [10 41] [10 42] [10 43] 
[10 44] [10 45] [11 45] [12 45] [12 46] [12 47] [13 47] 
[13 47] [13 48] [13 49] [14 49] [14 50] [14 51] [15 51] 
[15 52] [15 53] [16 53] [16 54] [16 55] [17 55] [17 56] 
[18 56] [18 57] [18 58] [19 58] [19 59] [20 59] [20 60] 
[21 60] [21 60] [21 61] [22 61] [22 62] [22 63] [23 63] 
[23 64] [24 64] [24 65] [25 65] [25 66] [26 66] [27 66] 
[27 67] [28 67] [28 68] [29 68] [29 69] [30 69] [30 70] 
[31 70] [32 70] [32 71] [33 71] [34 71] [34 72] [35 72] 
[36 72] [36 73] [37 73] [37 73] [36 73] [36 74] [35 74] 
[35 75] [34 75] [33 75] [33 76] [32 76] [31 76] [31 77] 
[30 77] [30 78] [29 78] [29 79] [28 79] [27 79] [27 80] 
[26 80] [26 81] [25 81] [25 82] [25 82] [24 82] [24 83] 
[23 83] [23 84] [22 84] [22 85] [21 85] [21 86] [20 86] 
[20 87] [20 88] [19 88] [19 89] [18 89] [18 90] [17 90] 
[17 91] [17 92] [16 92] [16 93] [16 93] [15 93] [15 94] 
[15 95] [14 95] [14 96] [13 96] [13 97] [13 98] [12 98] 
[12 99] [12 100] [11 100] [11 101] [10 101] [10 101] [11 101] 
[11 102] [12 102] [13 102] [14 102] [15 102] [16 102] [17 102] 
[18 102] [18 103] [19 103] [20 103] [21 103] [22 103] [23 103] 
[24 103] [24 104] [25 104] [26 104] [27 104] [28 104] [29 104] 
[30 104] [30 105] [31 105] [32 105] [33 105] [34 105] [34 105] 

		Begin Printing Seed information

Seed point: 9 31 	Path 0 20 	User path 0 39 0

Seed point: 13 47 	Path 21 42 	User path 39 76 39

Seed point: 21 60 	Path 43 72 	User path 76 133 76

Seed point: 37 73 	Path 73 94 	User path 133 172 133

Seed point: 25 82 	Path 95 115 	User path 172 208 172

Seed point: 16 93 	Path 116 130 	User path 208 238 208

Seed point: 10 101 	Path 131 159 	User path 238 294 238

Seed point: 34 105 	Path 160 170 	User path 294 310 294

Seed point: 28 109 	Path 171 171 	User path 310 310 310

---------------------

Print path: 



[9 31] [9 32] [10 32] [10 33] [10 34] [10 35] [10 36] 
[10 37] [10 38] [10 39] [10 40] [10 41] [10 42] [10 43] 
[10 44] [10 45] [11 45] [12 45] [12 46] [12 47] [13 47] 
[13 47] [13 48] [13 49] [14 49] [14 50] [14 51] [15 51] 
[15 52] [15 53] [16 53] [16 54] [16 55] [17 55] [17 56] 
[18 56] [18 57] [18 58] [19 58] [19 59] [20 59] [20 60] 
[21 60] [21 60] [21 61] [22 61] [22 62] [22 63] [23 63] 
[23 64] [24 64] [24 65] [25 65] [25 66] [26 66] [27 66] 
[27 67] [28 67] [28 68] [29 68] [29 69] [30 69] [30 70] 
[31 70] [32 70] [32 71] [33 71] [34 71] [34 72] [35 72] 
[36 72] [36 73] [37 73] [37 73] [36 73] [36 74] [35 74] 
[35 75] [34 75] [33 75] [33 76] [32 76] [31 76] [31 77] 
[30 77] [30 78] [29 78] [29 79] [28 79] [27 79] [27 80] 
[26 80] [26 81] [25 81] [25 82] [25 82] [24 82] [24 83] 
[23 83] [23 84] [22 84] [22 85] [21 85] [21 86] [20 86] 
[20 87] [20 88] [19 88] [19 89] [18 89] [18 90] [17 90] 
[17 91] [17 92] [16 92] [16 93] [16 93] [15 93] [15 94] 
[15 95] [14 95] [14 96] [13 96] [13 97] [13 98] [12 98] 
[12 99] [12 100] [11 100] [11 101] [10 101] [10 101] [11 101] 
[11 102] [12 102] [13 102] [14 102] [15 102] [16 102] [17 102] 
[18 102] [18 103] [19 103] [20 103] [21 103] [22 103] [23 103] 
[24 103] [24 104] [25 104] [26 104] [27 104] [28 104] [29 104] 
[30 104] [30 105] [31 105] [32 105] [33 105] [34 105] [34 105] 
[33 105] [32 105] [31 105] [31 106] [31 107] [31 108] [30 108] 
[30 109] [29 109] [28 109] [28 109] 

		Begin Printing Seed information

Seed point: 9 31 	Path 0 20 	User path 0 39 0

Seed point: 13 47 	Path 21 42 	User path 39 76 39

Seed point: 21 60 	Path 43 72 	User path 76 133 76

Seed point: 37 73 	Path 73 94 	User path 133 172 133

Seed point: 25 82 	Path 95 115 	User path 172 208 172

Seed point: 16 93 	Path 116 130 	User path 208 238 208

Seed point: 10 101 	Path 131 159 	User path 238 294 238

Seed point: 34 105 	Path 160 170 	User path 294 310 294

Seed point: 28 109 	Path 171 180 	User path 310 334 310

Seed point: 20 110 	Path 181 181 	User path 334 334 334

---------------------

Print path: 



[9 31] [9 32] [10 32] [10 33] [10 34] [10 35] [10 36] 
[10 37] [10 38] [10 39] [10 40] [10 41] [10 42] [10 43] 
[10 44] [10 45] [11 45] [12 45] [12 46] [12 47] [13 47] 
[13 47] [13 48] [13 49] [14 49] [14 50] [14 51] [15 51] 
[15 52] [15 53] [16 53] [16 54] [16 55] [17 55] [17 56] 
[18 56] [18 57] [18 58] [19 58] [19 59] [20 59] [20 60] 
[21 60] [21 60] [21 61] [22 61] [22 62] [22 63] [23 63] 
[23 64] [24 64] [24 65] [25 65] [25 66] [26 66] [27 66] 
[27 67] [28 67] [28 68] [29 68] [29 69] [30 69] [30 70] 
[31 70] [32 70] [32 71] [33 71] [34 71] [34 72] [35 72] 
[36 72] [36 73] [37 73] [37 73] [36 73] [36 74] [35 74] 
[35 75] [34 75] [33 75] [33 76] [32 76] [31 76] [31 77] 
[30 77] [30 78] [29 78] [29 79] [28 79] [27 79] [27 80] 
[26 80] [26 81] [25 81] [25 82] [25 82] [24 82] [24 83] 
[23 83] [23 84] [22 84] [22 85] [21 85] [21 86] [20 86] 
[20 87] [20 88] [19 88] [19 89] [18 89] [18 90] [17 90] 
[17 91] [17 92] [16 92] [16 93] [16 93] [15 93] [15 94] 
[15 95] [14 95] [14 96] [13 96] [13 97] [13 98] [12 98] 
[12 99] [12 100] [11 100] [11 101] [10 101] [10 101] [11 101] 
[11 102] [12 102] [13 102] [14 102] [15 102] [16 102] [17 102] 
[18 102] [18 103] [19 103] [20 103] [21 103] [22 103] [23 103] 
[24 103] [24 104] [25 104] [26 104] [27 104] [28 104] [29 104] 
[30 104] [30 105] [31 105] [32 105] [33 105] [34 105] [34 105] 
[33 105] [32 105] [31 105] [31 106] [31 107] [31 108] [30 108] 
[30 109] [29 109] [28 109] [28 109] [27 109] [26 109] [25 109] 
[25 110] [24 110] [23 110] [22 110] [21 110] [20 110] [20 110] 

		Begin Printing Seed information

Seed point: 9 31 	Path 0 20 	User path 0 39 0

Seed point: 13 47 	Path 21 42 	User path 39 76 39

Seed point: 21 60 	Path 43 72 	User path 76 133 76

Seed point: 37 73 	Path 73 94 	User path 133 172 133

Seed point: 25 82 	Path 95 115 	User path 172 208 172

Seed point: 16 93 	Path 116 130 	User path 208 238 208

Seed point: 10 101 	Path 131 159 	User path 238 294 238

Seed point: 34 105 	Path 160 170 	User path 294 310 294

Seed point: 28 109 	Path 171 180 	User path 310 334 310

Seed point: 20 110 	Path 181 200 	User path 334 374 334

Seed point: 14 123 	Path 201 201 	User path 374 374 374

---------------------

Print path: 



[9 31] [9 32] [10 32] [10 33] [10 34] [10 35] [10 36] 
[10 37] [10 38] [10 39] [10 40] [10 41] [10 42] [10 43] 
[10 44] [10 45] [11 45] [12 45] [12 46] [12 47] [13 47] 
[13 47] [13 48] [13 49] [14 49] [14 50] [14 51] [15 51] 
[15 52] [15 53] [16 53] [16 54] [16 55] [17 55] [17 56] 
[18 56] [18 57] [18 58] [19 58] [19 59] [20 59] [20 60] 
[21 60] [21 60] [21 61] [22 61] [22 62] [22 63] [23 63] 
[23 64] [24 64] [24 65] [25 65] [25 66] [26 66] [27 66] 
[27 67] [28 67] [28 68] [29 68] [29 69] [30 69] [30 70] 
[31 70] [32 70] [32 71] [33 71] [34 71] [34 72] [35 72] 
[36 72] [36 73] [37 73] [37 73] [36 73] [36 74] [35 74] 
[35 75] [34 75] [33 75] [33 76] [32 76] [31 76] [31 77] 
[30 77] [30 78] [29 78] [29 79] [28 79] [27 79] [27 80] 
[26 80] [26 81] [25 81] [25 82] [25 82] [24 82] [24 83] 
[23 83] [23 84] [22 84] [22 85] [21 85] [21 86] [20 86] 
[20 87] [20 88] [19 88] [19 89] [18 89] [18 90] [17 90] 
[17 91] [17 92] [16 92] [16 93] [16 93] [15 93] [15 94] 
[15 95] [14 95] [14 96] [13 96] [13 97] [13 98] [12 98] 
[12 99] [12 100] [11 100] [11 101] [10 101] [10 101] [11 101] 
[11 102] [12 102] [13 102] [14 102] [15 102] [16 102] [17 102] 
[18 102] [18 103] [19 103] [20 103] [21 103] [22 103] [23 103] 
[24 103] [24 104] [25 104] [26 104] [27 104] [28 104] [29 104] 
[30 104] [30 105] [31 105] [32 105] [33 105] [34 105] [34 105] 
[33 105] [32 105] [31 105] [31 106] [31 107] [31 108] [30 108] 
[30 109] [29 109] [28 109] [28 109] [27 109] [26 109] [25 109] 
[25 110] [24 110] [23 110] [22 110] [21 110] [20 110] [20 110] 
[20 111] [19 111] [19 112] [19 113] [18 113] [18 114] [17 114] 
[17 115] [17 116] [16 116] [16 117] [16 118] [15 118] [15 119] 
[15 120] [14 120] [14 121] [14 122] [14 123] [14 123] 

		Begin Printing Seed information

Seed point: 9 31 	Path 0 20 	User path 0 39 0

Seed point: 13 47 	Path 21 42 	User path 39 76 39

Seed point: 21 60 	Path 43 72 	User path 76 133 76

Seed point: 37 73 	Path 73 94 	User path 133 172 133

Seed point: 25 82 	Path 95 115 	User path 172 208 172

Seed point: 16 93 	Path 116 130 	User path 208 238 208

Seed point: 10 101 	Path 131 159 	User path 238 294 238

Seed point: 34 105 	Path 160 170 	User path 294 310 294

Seed point: 28 109 	Path 171 180 	User path 310 334 310

Seed point: 20 110 	Path 181 200 	User path 334 374 334

Seed point: 14 123 	Path 201 207 	User path 374 387 374

Seed point: 18 125 	Path 208 208 	User path 387 387 387

---------------------

Print path: 



[9 31] [9 32] [10 32] [10 33] [10 34] [10 35] [10 36] 
[10 37] [10 38] [10 39] [10 40] [10 41] [10 42] [10 43] 
[10 44] [10 45] [11 45] [12 45] [12 46] [12 47] [13 47] 
[13 47] [13 48] [13 49] [14 49] [14 50] [14 51] [15 51] 
[15 52] [15 53] [16 53] [16 54] [16 55] [17 55] [17 56] 
[18 56] [18 57] [18 58] [19 58] [19 59] [20 59] [20 60] 
[21 60] [21 60] [21 61] [22 61] [22 62] [22 63] [23 63] 
[23 64] [24 64] [24 65] [25 65] [25 66] [26 66] [27 66] 
[27 67] [28 67] [28 68] [29 68] [29 69] [30 69] [30 70] 
[31 70] [32 70] [32 71] [33 71] [34 71] [34 72] [35 72] 
[36 72] [36 73] [37 73] [37 73] [36 73] [36 74] [35 74] 
[35 75] [34 75] [33 75] [33 76] [32 76] [31 76] [31 77] 
[30 77] [30 78] [29 78] [29 79] [28 79] [27 79] [27 80] 
[26 80] [26 81] [25 81] [25 82] [25 82] [24 82] [24 83] 
[23 83] [23 84] [22 84] [22 85] [21 85] [21 86] [20 86] 
[20 87] [20 88] [19 88] [19 89] [18 89] [18 90] [17 90] 
[17 91] [17 92] [16 92] [16 93] [16 93] [15 93] [15 94] 
[15 95] [14 95] [14 96] [13 96] [13 97] [13 98] [12 98] 
[12 99] [12 100] [11 100] [11 101] [10 101] [10 101] [11 101] 
[11 102] [12 102] [13 102] [14 102] [15 102] [16 102] [17 102] 
[18 102] [18 103] [19 103] [20 103] [21 103] [22 103] [23 103] 
[24 103] [24 104] [25 104] [26 104] [27 104] [28 104] [29 104] 
[30 104] [30 105] [31 105] [32 105] [33 105] [34 105] [34 105] 
[33 105] [32 105] [31 105] [31 106] [31 107] [31 108] [30 108] 
[30 109] [29 109] [28 109] [28 109] [27 109] [26 109] [25 109] 
[25 110] [24 110] [23 110] [22 110] [21 110] [20 110] [20 110] 
[20 111] [19 111] [19 112] [19 113] [18 113] [18 114] [17 114] 
[17 115] [17 116] [16 116] [16 117] [16 118] [15 118] [15 119] 
[15 120] [14 120] [14 121] [14 122] [14 123] [14 123] [14 124] 
[15 124] [15 125] [16 125] [17 125] [18 125] [18 125] 

		Begin Printing Seed information

Seed point: 9 31 	Path 0 20 	User path 0 39 0

Seed point: 13 47 	Path 21 42 	User path 39 76 39

Seed point: 21 60 	Path 43 72 	User path 76 133 76

Seed point: 37 73 	Path 73 94 	User path 133 172 133

Seed point: 25 82 	Path 95 115 	User path 172 208 172

Seed point: 16 93 	Path 116 130 	User path 208 238 208

Seed point: 10 101 	Path 131 159 	User path 238 294 238

Seed point: 34 105 	Path 160 170 	User path 294 310 294

Seed point: 28 109 	Path 171 180 	User path 310 334 310

Seed point: 20 110 	Path 181 200 	User path 334 374 334

Seed point: 14 123 	Path 201 207 	User path 374 387 374

Seed point: 18 125 	Path 208 228 	User path 387 431 387

Seed point: 15 142 	Path 229 229 	User path 451 451 451

---------------------

Print path: 



[9 31] [9 32] [10 32] [10 33] [10 34] [10 35] [10 36] 
[10 37] [10 38] [10 39] [10 40] [10 41] [10 42] [10 43] 
[10 44] [10 45] [11 45] [12 45] [12 46] [12 47] [13 47] 
[13 47] [13 48] [13 49] [14 49] [14 50] [14 51] [15 51] 
[15 52] [15 53] [16 53] [16 54] [16 55] [17 55] [17 56] 
[18 56] [18 57] [18 58] [19 58] [19 59] [20 59] [20 60] 
[21 60] [21 60] [21 61] [22 61] [22 62] [22 63] [23 63] 
[23 64] [24 64] [24 65] [25 65] [25 66] [26 66] [27 66] 
[27 67] [28 67] [28 68] [29 68] [29 69] [30 69] [30 70] 
[31 70] [32 70] [32 71] [33 71] [34 71] [34 72] [35 72] 
[36 72] [36 73] [37 73] [37 73] [36 73] [36 74] [35 74] 
[35 75] [34 75] [33 75] [33 76] [32 76] [31 76] [31 77] 
[30 77] [30 78] [29 78] [29 79] [28 79] [27 79] [27 80] 
[26 80] [26 81] [25 81] [25 82] [25 82] [24 82] [24 83] 
[23 83] [23 84] [22 84] [22 85] [21 85] [21 86] [20 86] 
[20 87] [20 88] [19 88] [19 89] [18 89] [18 90] [17 90] 
[17 91] [17 92] [16 92] [16 93] [16 93] [15 93] [15 94] 
[15 95] [14 95] [14 96] [13 96] [13 97] [13 98] [12 98] 
[12 99] [12 100] [11 100] [11 101] [10 101] [10 101] [11 101] 
[11 102] [12 102] [13 102] [14 102] [15 102] [16 102] [17 102] 
[18 102] [18 103] [19 103] [20 103] [21 103] [22 103] [23 103] 
[24 103] [24 104] [25 104] [26 104] [27 104] [28 104] [29 104] 
[30 104] [30 105] [31 105] [32 105] [33 105] [34 105] [34 105] 
[33 105] [32 105] [31 105] [31 106] [31 107] [31 108] [30 108] 
[30 109] [29 109] [28 109] [28 109] [27 109] [26 109] [25 109] 
[25 110] [24 110] [23 110] [22 110] [21 110] [20 110] [20 110] 
[20 111] [19 111] [19 112] [19 113] [18 113] [18 114] [17 114] 
[17 115] [17 116] [16 116] [16 117] [16 118] [15 118] [15 119] 
[15 120] [14 120] [14 121] [14 122] [14 123] [14 123] [14 124] 
[15 124] [15 125] [16 125] [17 125] [18 125] [18 125] [17 125] 
[16 125] [16 126] [16 127] [16 128] [16 129] [16 130] [16 131] 
[15 131] [15 132] [15 133] [15 134] [15 135] [15 136] [15 137] 
[15 138] [15 139] [15 140] [15 141] [15 142] [15 142] 

		Begin Printing Seed information

Seed point: 9 31 	Path 0 20 	User path 0 39 0

Seed point: 13 47 	Path 21 42 	User path 39 76 39

Seed point: 21 60 	Path 43 72 	User path 76 133 76

Seed point: 37 73 	Path 73 94 	User path 133 172 133

Seed point: 25 82 	Path 95 115 	User path 172 208 172

Seed point: 16 93 	Path 116 130 	User path 208 238 208

Seed point: 10 101 	Path 131 159 	User path 238 294 238

Seed point: 34 105 	Path 160 170 	User path 294 310 294

Seed point: 28 109 	Path 171 180 	User path 310 334 310

Seed point: 20 110 	Path 181 200 	User path 334 374 334

Seed point: 14 123 	Path 201 207 	User path 374 387 374

Seed point: 18 125 	Path 208 228 	User path 387 431 387

Seed point: 15 142 	Path 229 245 	User path 431 466 431

Seed point: 23 150 	Path 246 246 	User path 466 466 466

---------------------

Print path: 



[9 31] [9 32] [10 32] [10 33] [10 34] [10 35] [10 36] 
[10 37] [10 38] [10 39] [10 40] [10 41] [10 42] [10 43] 
[10 44] [10 45] [11 45] [12 45] [12 46] [12 47] [13 47] 
[13 47] [13 48] [13 49] [14 49] [14 50] [14 51] [15 51] 
[15 52] [15 53] [16 53] [16 54] [16 55] [17 55] [17 56] 
[18 56] [18 57] [18 58] [19 58] [19 59] [20 59] [20 60] 
[21 60] [21 60] [21 61] [22 61] [22 62] [22 63] [23 63] 
[23 64] [24 64] [24 65] [25 65] [25 66] [26 66] [27 66] 
[27 67] [28 67] [28 68] [29 68] [29 69] [30 69] [30 70] 
[31 70] [32 70] [32 71] [33 71] [34 71] [34 72] [35 72] 
[36 72] [36 73] [37 73] [37 73] [36 73] [36 74] [35 74] 
[35 75] [34 75] [33 75] [33 76] [32 76] [31 76] [31 77] 
[30 77] [30 78] [29 78] [29 79] [28 79] [27 79] [27 80] 
[26 80] [26 81] [25 81] [25 82] [25 82] [24 82] [24 83] 
[23 83] [23 84] [22 84] [22 85] [21 85] [21 86] [20 86] 
[20 87] [20 88] [19 88] [19 89] [18 89] [18 90] [17 90] 
[17 91] [17 92] [16 92] [16 93] [16 93] [15 93] [15 94] 
[15 95] [14 95] [14 96] [13 96] [13 97] [13 98] [12 98] 
[12 99] [12 100] [11 100] [11 101] [10 101] [10 101] [11 101] 
[11 102] [12 102] [13 102] [14 102] [15 102] [16 102] [17 102] 
[18 102] [18 103] [19 103] [20 103] [21 103] [22 103] [23 103] 
[24 103] [24 104] [25 104] [26 104] [27 104] [28 104] [29 104] 
[30 104] [30 105] [31 105] [32 105] [33 105] [34 105] [34 105] 
[33 105] [32 105] [31 105] [31 106] [31 107] [31 108] [30 108] 
[30 109] [29 109] [28 109] [28 109] [27 109] [26 109] [25 109] 
[25 110] [24 110] [23 110] [22 110] [21 110] [20 110] [20 110] 
[20 111] [19 111] [19 112] [19 113] [18 113] [18 114] [17 114] 
[17 115] [17 116] [16 116] [16 117] [16 118] [15 118] [15 119] 
[15 120] [14 120] [14 121] [14 122] [14 123] [14 123] [14 124] 
[15 124] [15 125] [16 125] [17 125] [18 125] [18 125] [17 125] 
[16 125] [16 126] [16 127] [16 128] [16 129] [16 130] [16 131] 
[15 131] [15 132] [15 133] [15 134] [15 135] [15 136] [15 137] 
[15 138] [15 139] [15 140] [15 141] [15 142] [15 142] [15 143] 
[15 144] [16 144] [16 145] [16 146] [16 147] [17 147] [17 148] 
[18 148] [18 149] [19 149] [19 150] [20 150] [21 150] [22 150] 
[23 150] [23 150] 

		Begin Printing Seed information

Seed point: 9 31 	Path 0 20 	User path 0 39 0

Seed point: 13 47 	Path 21 42 	User path 39 76 39

Seed point: 21 60 	Path 43 72 	User path 76 133 76

Seed point: 37 73 	Path 73 94 	User path 133 172 133

Seed point: 25 82 	Path 95 115 	User path 172 208 172

Seed point: 16 93 	Path 116 130 	User path 208 238 208

Seed point: 10 101 	Path 131 159 	User path 238 294 238

Seed point: 34 105 	Path 160 170 	User path 294 310 294

Seed point: 28 109 	Path 171 180 	User path 310 334 310

Seed point: 20 110 	Path 181 200 	User path 334 374 334

Seed point: 14 123 	Path 201 207 	User path 374 387 374

Seed point: 18 125 	Path 208 228 	User path 387 431 387

Seed point: 15 142 	Path 229 245 	User path 431 466 431

Seed point: 23 150 	Path 246 266 	User path 466 501 466

Seed point: 16 163 	Path 267 267 	User path 521 521 521

---------------------

Print path: 



[9 31] [9 32] [10 32] [10 33] [10 34] [10 35] [10 36] 
[10 37] [10 38] [10 39] [10 40] [10 41] [10 42] [10 43] 
[10 44] [10 45] [11 45] [12 45] [12 46] [12 47] [13 47] 
[13 47] [13 48] [13 49] [14 49] [14 50] [14 51] [15 51] 
[15 52] [15 53] [16 53] [16 54] [16 55] [17 55] [17 56] 
[18 56] [18 57] [18 58] [19 58] [19 59] [20 59] [20 60] 
[21 60] [21 60] [21 61] [22 61] [22 62] [22 63] [23 63] 
[23 64] [24 64] [24 65] [25 65] [25 66] [26 66] [27 66] 
[27 67] [28 67] [28 68] [29 68] [29 69] [30 69] [30 70] 
[31 70] [32 70] [32 71] [33 71] [34 71] [34 72] [35 72] 
[36 72] [36 73] [37 73] [37 73] [36 73] [36 74] [35 74] 
[35 75] [34 75] [33 75] [33 76] [32 76] [31 76] [31 77] 
[30 77] [30 78] [29 78] [29 79] [28 79] [27 79] [27 80] 
[26 80] [26 81] [25 81] [25 82] [25 82] [24 82] [24 83] 
[23 83] [23 84] [22 84] [22 85] [21 85] [21 86] [20 86] 
[20 87] [20 88] [19 88] [19 89] [18 89] [18 90] [17 90] 
[17 91] [17 92] [16 92] [16 93] [16 93] [15 93] [15 94] 
[15 95] [14 95] [14 96] [13 96] [13 97] [13 98] [12 98] 
[12 99] [12 100] [11 100] [11 101] [10 101] [10 101] [11 101] 
[11 102] [12 102] [13 102] [14 102] [15 102] [16 102] [17 102] 
[18 102] [18 103] [19 103] [20 103] [21 103] [22 103] [23 103] 
[24 103] [24 104] [25 104] [26 104] [27 104] [28 104] [29 104] 
[30 104] [30 105] [31 105] [32 105] [33 105] [34 105] [34 105] 
[33 105] [32 105] [31 105] [31 106] [31 107] [31 108] [30 108] 
[30 109] [29 109] [28 109] [28 109] [27 109] [26 109] [25 109] 
[25 110] [24 110] [23 110] [22 110] [21 110] [20 110] [20 110] 
[20 111] [19 111] [19 112] [19 113] [18 113] [18 114] [17 114] 
[17 115] [17 116] [16 116] [16 117] [16 118] [15 118] [15 119] 
[15 120] [14 120] [14 121] [14 122] [14 123] [14 123] [14 124] 
[15 124] [15 125] [16 125] [17 125] [18 125] [18 125] [17 125] 
[16 125] [16 126] [16 127] [16 128] [16 129] [16 130] [16 131] 
[15 131] [15 132] [15 133] [15 134] [15 135] [15 136] [15 137] 
[15 138] [15 139] [15 140] [15 141] [15 142] [15 142] [15 143] 
[15 144] [16 144] [16 145] [16 146] [16 147] [17 147] [17 148] 
[18 148] [18 149] [19 149] [19 150] [20 150] [21 150] [22 150] 
[23 150] [23 150] [23 151] [22 151] [22 152] [22 153] [21 153] 
[21 154] [20 154] [20 155] [19 155] [19 156] [19 157] [18 157] 
[18 158] [17 158] [17 159] [17 160] [16 160] [16 161] [16 162] 
[16 163] [16 163] 

		Begin Printing Seed information

Seed point: 9 31 	Path 0 20 	User path 0 39 0

Seed point: 13 47 	Path 21 42 	User path 39 76 39

Seed point: 21 60 	Path 43 72 	User path 76 133 76

Seed point: 37 73 	Path 73 94 	User path 133 172 133

Seed point: 25 82 	Path 95 115 	User path 172 208 172

Seed point: 16 93 	Path 116 130 	User path 208 238 208

Seed point: 10 101 	Path 131 159 	User path 238 294 238

Seed point: 34 105 	Path 160 170 	User path 294 310 294

Seed point: 28 109 	Path 171 180 	User path 310 334 310

Seed point: 20 110 	Path 181 200 	User path 334 374 334

Seed point: 14 123 	Path 201 207 	User path 374 387 374

Seed point: 18 125 	Path 208 228 	User path 387 431 387

Seed point: 15 142 	Path 229 245 	User path 431 466 431

Seed point: 23 150 	Path 246 266 	User path 466 501 466

Seed point: 16 163 	Path 267 287 	User path 501 537 501

Seed point: 18 179 	Path 288 288 	User path 560 560 560

---------------------

Print path: 



[9 31] [9 32] [10 32] [10 33] [10 34] [10 35] [10 36] 
[10 37] [10 38] [10 39] [10 40] [10 41] [10 42] [10 43] 
[10 44] [10 45] [11 45] [12 45] [12 46] [12 47] [13 47] 
[13 47] [13 48] [13 49] [14 49] [14 50] [14 51] [15 51] 
[15 52] [15 53] [16 53] [16 54] [16 55] [17 55] [17 56] 
[18 56] [18 57] [18 58] [19 58] [19 59] [20 59] [20 60] 
[21 60] [21 60] [21 61] [22 61] [22 62] [22 63] [23 63] 
[23 64] [24 64] [24 65] [25 65] [25 66] [26 66] [27 66] 
[27 67] [28 67] [28 68] [29 68] [29 69] [30 69] [30 70] 
[31 70] [32 70] [32 71] [33 71] [34 71] [34 72] [35 72] 
[36 72] [36 73] [37 73] [37 73] [36 73] [36 74] [35 74] 
[35 75] [34 75] [33 75] [33 76] [32 76] [31 76] [31 77] 
[30 77] [30 78] [29 78] [29 79] [28 79] [27 79] [27 80] 
[26 80] [26 81] [25 81] [25 82] [25 82] [24 82] [24 83] 
[23 83] [23 84] [22 84] [22 85] [21 85] [21 86] [20 86] 
[20 87] [20 88] [19 88] [19 89] [18 89] [18 90] [17 90] 
[17 91] [17 92] [16 92] [16 93] [16 93] [15 93] [15 94] 
[15 95] [14 95] [14 96] [13 96] [13 97] [13 98] [12 98] 
[12 99] [12 100] [11 100] [11 101] [10 101] [10 101] [11 101] 
[11 102] [12 102] [13 102] [14 102] [15 102] [16 102] [17 102] 
[18 102] [18 103] [19 103] [20 103] [21 103] [22 103] [23 103] 
[24 103] [24 104] [25 104] [26 104] [27 104] [28 104] [29 104] 
[30 104] [30 105] [31 105] [32 105] [33 105] [34 105] [34 105] 
[33 105] [32 105] [31 105] [31 106] [31 107] [31 108] [30 108] 
[30 109] [29 109] [28 109] [28 109] [27 109] [26 109] [25 109] 
[25 110] [24 110] [23 110] [22 110] [21 110] [20 110] [20 110] 
[20 111] [19 111] [19 112] [19 113] [18 113] [18 114] [17 114] 
[17 115] [17 116] [16 116] [16 117] [16 118] [15 118] [15 119] 
[15 120] [14 120] [14 121] [14 122] [14 123] [14 123] [14 124] 
[15 124] [15 125] [16 125] [17 125] [18 125] [18 125] [17 125] 
[16 125] [16 126] [16 127] [16 128] [16 129] [16 130] [16 131] 
[15 131] [15 132] [15 133] [15 134] [15 135] [15 136] [15 137] 
[15 138] [15 139] [15 140] [15 141] [15 142] [15 142] [15 143] 
[15 144] [16 144] [16 145] [16 146] [16 147] [17 147] [17 148] 
[18 148] [18 149] [19 149] [19 150] [20 150] [21 150] [22 150] 
[23 150] [23 150] [23 151] [22 151] [22 152] [22 153] [21 153] 
[21 154] [20 154] [20 155] [19 155] [19 156] [19 157] [18 157] 
[18 158] [17 158] [17 159] [17 160] [16 160] [16 161] [16 162] 
[16 163] [16 163] [15 163] [15 164] [15 165] [15 166] [15 167] 
[15 168] [15 169] [15 170] [15 171] [15 172] [15 173] [15 174] 
[15 175] [16 175] [16 176] [17 176] [17 177] [17 178] [18 178] 
[18 179] [18 179] 

		Begin Printing Seed information

Seed point: 9 31 	Path 0 20 	User path 0 39 0

Seed point: 13 47 	Path 21 42 	User path 39 76 39

Seed point: 21 60 	Path 43 72 	User path 76 133 76

Seed point: 37 73 	Path 73 94 	User path 133 172 133

Seed point: 25 82 	Path 95 115 	User path 172 208 172

Seed point: 16 93 	Path 116 130 	User path 208 238 208

Seed point: 10 101 	Path 131 159 	User path 238 294 238

Seed point: 34 105 	Path 160 170 	User path 294 310 294

Seed point: 28 109 	Path 171 180 	User path 310 334 310

Seed point: 20 110 	Path 181 200 	User path 334 374 334

Seed point: 14 123 	Path 201 207 	User path 374 387 374

Seed point: 18 125 	Path 208 228 	User path 387 431 387

Seed point: 15 142 	Path 229 245 	User path 431 466 431

Seed point: 23 150 	Path 246 266 	User path 466 501 466

Seed point: 16 163 	Path 267 287 	User path 501 537 501

Seed point: 18 179 	Path 288 308 	User path 537 576 537

Seed point: 31 186 	Path 309 309 	User path 599 599 599

---------------------

Print path: 



[9 31] [9 32] [10 32] [10 33] [10 34] [10 35] [10 36] 
[10 37] [10 38] [10 39] [10 40] [10 41] [10 42] [10 43] 
[10 44] [10 45] [11 45] [12 45] [12 46] [12 47] [13 47] 
[13 47] [13 48] [13 49] [14 49] [14 50] [14 51] [15 51] 
[15 52] [15 53] [16 53] [16 54] [16 55] [17 55] [17 56] 
[18 56] [18 57] [18 58] [19 58] [19 59] [20 59] [20 60] 
[21 60] [21 60] [21 61] [22 61] [22 62] [22 63] [23 63] 
[23 64] [24 64] [24 65] [25 65] [25 66] [26 66] [27 66] 
[27 67] [28 67] [28 68] [29 68] [29 69] [30 69] [30 70] 
[31 70] [32 70] [32 71] [33 71] [34 71] [34 72] [35 72] 
[36 72] [36 73] [37 73] [37 73] [36 73] [36 74] [35 74] 
[35 75] [34 75] [33 75] [33 76] [32 76] [31 76] [31 77] 
[30 77] [30 78] [29 78] [29 79] [28 79] [27 79] [27 80] 
[26 80] [26 81] [25 81] [25 82] [25 82] [24 82] [24 83] 
[23 83] [23 84] [22 84] [22 85] [21 85] [21 86] [20 86] 
[20 87] [20 88] [19 88] [19 89] [18 89] [18 90] [17 90] 
[17 91] [17 92] [16 92] [16 93] [16 93] [15 93] [15 94] 
[15 95] [14 95] [14 96] [13 96] [13 97] [13 98] [12 98] 
[12 99] [12 100] [11 100] [11 101] [10 101] [10 101] [11 101] 
[11 102] [12 102] [13 102] [14 102] [15 102] [16 102] [17 102] 
[18 102] [18 103] [19 103] [20 103] [21 103] [22 103] [23 103] 
[24 103] [24 104] [25 104] [26 104] [27 104] [28 104] [29 104] 
[30 104] [30 105] [31 105] [32 105] [33 105] [34 105] [34 105] 
[33 105] [32 105] [31 105] [31 106] [31 107] [31 108] [30 108] 
[30 109] [29 109] [28 109] [28 109] [27 109] [26 109] [25 109] 
[25 110] [24 110] [23 110] [22 110] [21 110] [20 110] [20 110] 
[20 111] [19 111] [19 112] [19 113] [18 113] [18 114] [17 114] 
[17 115] [17 116] [16 116] [16 117] [16 118] [15 118] [15 119] 
[15 120] [14 120] [14 121] [14 122] [14 123] [14 123] [14 124] 
[15 124] [15 125] [16 125] [17 125] [18 125] [18 125] [17 125] 
[16 125] [16 126] [16 127] [16 128] [16 129] [16 130] [16 131] 
[15 131] [15 132] [15 133] [15 134] [15 135] [15 136] [15 137] 
[15 138] [15 139] [15 140] [15 141] [15 142] [15 142] [15 143] 
[15 144] [16 144] [16 145] [16 146] [16 147] [17 147] [17 148] 
[18 148] [18 149] [19 149] [19 150] [20 150] [21 150] [22 150] 
[23 150] [23 150] [23 151] [22 151] [22 152] [22 153] [21 153] 
[21 154] [20 154] [20 155] [19 155] [19 156] [19 157] [18 157] 
[18 158] [17 158] [17 159] [17 160] [16 160] [16 161] [16 162] 
[16 163] [16 163] [15 163] [15 164] [15 165] [15 166] [15 167] 
[15 168] [15 169] [15 170] [15 171] [15 172] [15 173] [15 174] 
[15 175] [16 175] [16 176] [17 176] [17 177] [17 178] [18 178] 
[18 179] [18 179] [19 179] [19 180] [20 180] [20 181] [21 181] 
[22 181] [22 182] [23 182] [23 183] [24 183] [25 183] [25 184] 
[26 184] [27 184] [27 185] [28 185] [29 185] [29 186] [30 186] 
[31 186] [31 186] 

		Begin Printing Seed information

Seed point: 9 31 	Path 0 20 	User path 0 39 0

Seed point: 13 47 	Path 21 42 	User path 39 76 39

Seed point: 21 60 	Path 43 72 	User path 76 133 76

Seed point: 37 73 	Path 73 94 	User path 133 172 133

Seed point: 25 82 	Path 95 115 	User path 172 208 172

Seed point: 16 93 	Path 116 130 	User path 208 238 208

Seed point: 10 101 	Path 131 159 	User path 238 294 238

Seed point: 34 105 	Path 160 170 	User path 294 310 294

Seed point: 28 109 	Path 171 180 	User path 310 334 310

Seed point: 20 110 	Path 181 200 	User path 334 374 334

Seed point: 14 123 	Path 201 207 	User path 374 387 374

Seed point: 18 125 	Path 208 228 	User path 387 431 387

Seed point: 15 142 	Path 229 245 	User path 431 466 431

Seed point: 23 150 	Path 246 266 	User path 466 501 466

Seed point: 16 163 	Path 267 287 	User path 501 537 501

Seed point: 18 179 	Path 288 308 	User path 537 576 537

Seed point: 31 186 	Path 309 330 	User path 576 617 576

Seed point: 47 191 	Path 331 331 	User path 637 637 637

---------------------

Print path: 



[9 31] [9 32] [10 32] [10 33] [10 34] [10 35] [10 36] 
[10 37] [10 38] [10 39] [10 40] [10 41] [10 42] [10 43] 
[10 44] [10 45] [11 45] [12 45] [12 46] [12 47] [13 47] 
[13 47] [13 48] [13 49] [14 49] [14 50] [14 51] [15 51] 
[15 52] [15 53] [16 53] [16 54] [16 55] [17 55] [17 56] 
[18 56] [18 57] [18 58] [19 58] [19 59] [20 59] [20 60] 
[21 60] [21 60] [21 61] [22 61] [22 62] [22 63] [23 63] 
[23 64] [24 64] [24 65] [25 65] [25 66] [26 66] [27 66] 
[27 67] [28 67] [28 68] [29 68] [29 69] [30 69] [30 70] 
[31 70] [32 70] [32 71] [33 71] [34 71] [34 72] [35 72] 
[36 72] [36 73] [37 73] [37 73] [36 73] [36 74] [35 74] 
[35 75] [34 75] [33 75] [33 76] [32 76] [31 76] [31 77] 
[30 77] [30 78] [29 78] [29 79] [28 79] [27 79] [27 80] 
[26 80] [26 81] [25 81] [25 82] [25 82] [24 82] [24 83] 
[23 83] [23 84] [22 84] [22 85] [21 85] [21 86] [20 86] 
[20 87] [20 88] [19 88] [19 89] [18 89] [18 90] [17 90] 
[17 91] [17 92] [16 92] [16 93] [16 93] [15 93] [15 94] 
[15 95] [14 95] [14 96] [13 96] [13 97] [13 98] [12 98] 
[12 99] [12 100] [11 100] [11 101] [10 101] [10 101] [11 101] 
[11 102] [12 102] [13 102] [14 102] [15 102] [16 102] [17 102] 
[18 102] [18 103] [19 103] [20 103] [21 103] [22 103] [23 103] 
[24 103] [24 104] [25 104] [26 104] [27 104] [28 104] [29 104] 
[30 104] [30 105] [31 105] [32 105] [33 105] [34 105] [34 105] 
[33 105] [32 105] [31 105] [31 106] [31 107] [31 108] [30 108] 
[30 109] [29 109] [28 109] [28 109] [27 109] [26 109] [25 109] 
[25 110] [24 110] [23 110] [22 110] [21 110] [20 110] [20 110] 
[20 111] [19 111] [19 112] [19 113] [18 113] [18 114] [17 114] 
[17 115] [17 116] [16 116] [16 117] [16 118] [15 118] [15 119] 
[15 120] [14 120] [14 121] [14 122] [14 123] [14 123] [14 124] 
[15 124] [15 125] [16 125] [17 125] [18 125] [18 125] [17 125] 
[16 125] [16 126] [16 127] [16 128] [16 129] [16 130] [16 131] 
[15 131] [15 132] [15 133] [15 134] [15 135] [15 136] [15 137] 
[15 138] [15 139] [15 140] [15 141] [15 142] [15 142] [15 143] 
[15 144] [16 144] [16 145] [16 146] [16 147] [17 147] [17 148] 
[18 148] [18 149] [19 149] [19 150] [20 150] [21 150] [22 150] 
[23 150] [23 150] [23 151] [22 151] [22 152] [22 153] [21 153] 
[21 154] [20 154] [20 155] [19 155] [19 156] [19 157] [18 157] 
[18 158] [17 158] [17 159] [17 160] [16 160] [16 161] [16 162] 
[16 163] [16 163] [15 163] [15 164] [15 165] [15 166] [15 167] 
[15 168] [15 169] [15 170] [15 171] [15 172] [15 173] [15 174] 
[15 175] [16 175] [16 176] [17 176] [17 177] [17 178] [18 178] 
[18 179] [18 179] [19 179] [19 180] [20 180] [20 181] [21 181] 
[22 181] [22 182] [23 182] [23 183] [24 183] [25 183] [25 184] 
[26 184] [27 184] [27 185] [28 185] [29 185] [29 186] [30 186] 
[31 186] [31 186] [31 187] [32 187] [33 187] [34 187] [34 188] 
[35 188] [36 188] [37 188] [37 189] [38 189] [39 189] [39 190] 
[40 190] [41 190] [42 190] [43 190] [43 191] [44 191] [45 191] 
[46 191] [47 191] [47 191] 

User path


[9 31] [9 32] [9 33] [9 33] [9 34] [9 34] [9 35] 
[9 35] [9 35] [9 36] [9 36] [9 36] [9 37] [9 37] 
[9 37] [9 38] [9 38] [9 39] [9 39] [9 39] [9 40] 
[9 40] [9 40] [9 41] [9 41] [9 41] [10 42] [10 42] 
[10 43] [11 44] [11 44] [11 44] [11 44] [11 45] [12 45] 
[12 46] [12 46] [13 46] [13 47] [13 47] [13 47] [13 47] 
[14 48] [14 49] [14 49] [14 49] [14 49] [15 50] [15 50] 
[15 51] [15 51] [15 51] [16 52] [16 52] [16 52] [16 52] 
[16 53] [16 53] [16 53] [16 54] [17 54] [17 54] [18 54] 
[18 55] [18 55] [18 55] [18 56] [19 56] [19 56] [19 57] 
[19 57] [20 57] [20 57] [20 57] [20 57] [21 58] [21 60] 
[21 58] [21 58] [21 58] [22 58] [22 58] [23 59] [23 60] 
[24 60] [24 60] [25 61] [25 61] [25 61] [26 62] [26 62] 
[26 62] [26 62] [26 63] [27 63] [27 63] [27 63] [27 63] 
[27 64] [28 64] [28 65] [28 65] [28 65] [28 66] [28 66] 
[28 66] [29 67] [29 67] [29 67] [29 68] [29 68] [29 68] 
[29 69] [29 70] [30 70] [30 71] [31 71] [31 71] [31 71] 
[32 71] [32 71] [33 71] [33 71] [34 71] [34 71] [35 71] 
[35 71] [35 71] [36 71] [36 72] [36 72] [37 72] [37 73] 
[37 73] [36 73] [36 73] [35 73] [35 73] [34 73] [34 73] 
[33 73] [33 73] [33 73] [32 73] [32 73] [31 73] [31 73] 
[31 73] [30 73] [29 74] [29 74] [28 75] [28 76] [28 76] 
[29 76] [29 77] [29 77] [29 77] [29 78] [29 78] [29 78] 
[29 79] [28 79] [28 79] [28 80] [28 80] [27 80] [27 81] 
[27 81] [27 81] [27 81] [26 82] [25 82] [26 82] [26 82] 
[26 83] [25 83] [25 83] [25 84] [24 84] [24 84] [24 85] 
[24 85] [23 86] [23 86] [23 87] [22 87] [21 87] [21 87] 
[20 88] [20 88] [20 88] [20 88] [19 89] [19 89] [19 89] 
[19 89] [18 90] [18 90] [18 90] [18 91] [17 91] [17 91] 
[17 91] [17 92] [16 92] [16 92] [16 93] [16 93] [15 93] 
[15 94] [15 94] [15 94] [15 94] [15 94] [15 95] [15 96] 
[15 96] [14 96] [14 97] [14 97] [14 97] [14 98] [14 98] 
[13 98] [13 98] [13 99] [13 99] [13 99] [13 99] [12 99] 
[12 100] [11 100] [11 101] [11 101] [11 101] [10 101] [10 101] 
[10 101] [10 101] [10 101] [11 101] [11 101] [12 101] [13 101] 
[13 101] [14 101] [15 101] [15 101] [16 101] [16 101] [17 101] 
[17 101] [18 101] [18 101] [18 101] [19 101] [19 101] [20 101] 
[20 101] [20 101] [21 101] [21 101] [21 101] [22 101] [22 101] 
[23 101] [23 101] [23 101] [24 101] [24 101] [24 101] [25 102] 
[25 102] [25 102] [26 102] [26 102] [27 103] [27 103] [28 103] 
[29 103] [29 103] [29 103] [30 103] [30 103] [30 103] [31 104] 
[31 104] [31 104] [32 104] [33 104] [33 104] [33 104] [34 105] 
[34 105] [34 106] [34 106] [33 106] [33 107] [32 107] [32 108] 
[31 108] [31 108] [31 108] [30 108] [30 108] [30 109] [29 109] 
[29 109] [28 109] [28 109] [28 109] [28 109] [27 109] [27 109] 
[26 109] [26 109] [25 109] [25 109] [25 109] [24 109] [24 109] 
[24 109] [23 109] [23 109] [22 109] [22 109] [21 109] [21 109] 
[21 109] [20 109] [20 109] [20 109] [20 110] [20 110] [19 110] 
[19 110] [19 110] [19 110] [18 111] [18 112] [17 112] [17 113] 
[16 113] [16 113] [16 114] [16 114] [16 114] [15 114] [15 115] 
[15 115] [15 115] [15 116] [15 117] [15 117] [15 117] [15 118] 
[15 118] [15 118] [15 119] [15 119] [15 119] [15 120] [15 120] 
[15 120] [14 120] [14 121] [14 121] [14 122] [14 122] [14 122] 
[14 123] [14 123] [14 123] [14 123] [14 123] [15 123] [15 123] 
[16 123] [16 123] [16 123] [17 123] [17 123] [18 124] [18 124] 
[18 124] [18 125] [18 125] [18 125] [18 125] [17 126] [17 126] 
[17 127] [17 127] [17 128] [17 128] [17 128] [16 129] [16 129] 
[16 130] [16 130] [16 130] [16 131] [16 131] [16 132] [16 132] 
[15 133] [15 133] [15 133] [15 134] [15 134] [14 135] [14 135] 
[14 135] [14 136] [14 136] [14 136] [14 137] [14 138] [14 138] 
[14 138] [14 139] [14 139] [14 139] [14 140] [14 140] [14 140] 
[14 141] [14 141] [14 141] [14 142] [15 142] [14 142] [14 143] 
[14 143] [14 144] [14 144] [15 144] [15 144] [15 145] [15 145] 
[15 145] [16 146] [16 146] [16 147] [16 147] [16 148] [17 148] 
[17 148] [17 149] [18 149] [18 149] [18 149] [19 149] [19 149] 
[19 149] [20 150] [20 150] [21 150] [21 150] [21 150] [21 150] 
[22 150] [22 150] [23 150] [23 150] [23 150] [23 151] [23 151] 
[23 151] [23 151] [22 152] [22 152] [22 153] [21 153] [21 153] 
[21 154] [21 154] [21 154] [20 154] [20 155] [20 155] [20 155] 
[20 156] [20 157] [19 157] [19 158] [19 158] [19 158] [19 159] 
[19 159] [19 159] [18 160] [18 160] [18 161] [17 161] [17 162] 
[17 162] [17 163] [17 163] [16 163] [16 163] [16 164] [16 164] 
[15 165] [15 165] [15 165] [15 166] [15 166] [15 166] [15 167] 
[15 167] [14 167] [14 168] [14 168] [14 169] [14 169] [14 169] 
[14 170] [14 170] [14 170] [14 171] [14 171] [14 171] [14 172] 
[14 172] [14 172] [14 173] [14 173] [14 174] [14 174] [14 174] 
[14 175] [15 175] [15 176] [16 178] [16 179] [18 179] [16 180] 
[16 180] [18 181] [18 182] [18 182] [18 182] [18 182] [19 182] 
[19 182] [19 182] [20 182] [20 182] [21 183] [21 183] [22 183] 
[22 183] [23 183] [23 183] [23 183] [24 183] [24 183] [24 183] 
[25 183] [25 183] [25 183] [26 183] [26 183] [27 183] [27 183] 
[28 183] [28 183] [28 183] [29 184] [29 184] [30 185] [30 185] 
[30 185] [31 185] [31 186] [31 185] [31 185] [32 185] [32 186] 
[33 186] [33 186] [33 186] [33 186] [34 186] [34 187] [34 187] 
[35 187] [35 187] [35 187] [36 187] [36 187] [36 187] [37 187] 
[37 188] [37 188] [38 188] [39 188] [39 188] [40 188] [40 188] 
[41 188] [41 188] [42 188] [42 188] [42 189] [43 189] [43 189] 
[44 189] [44 189] [44 190] [45 190] [45 190] [45 190] [46 190] 
[47 191] [47 191] [47 191] [48 191] [48 191] [49 191] [49 191] 
[49 192] [50 192] [50 192] [50 192] [51 192] [51 192] [51 192] 
[51 192] [52 192] [52 192] [52 192] [53 192] [53 192] [54 192] 
[54 192] [54 192] [55 192] [55 192] [55 192] [56 192] [56 192] 
[56 192] [57 192] [57 192] [58 192] [58 192] [59 192] [59 192] 
[60 192] [60 192] [60 192] [60 192] [61 192] [61 191] [61 191] 
[62 191] [62 191] [62 191] [62 190] [63 190] [63 190] [63 190] 
[63 189] [64 189] [64 189] [65 188] [65 188] [65 188] [65 188] 

		Begin Printing Seed information

Seed point: 9 31 	Path 0 20 	User path 0 39 0

Seed point: 13 47 	Path 21 42 	User path 39 76 39

Seed point: 21 60 	Path 43 72 	User path 76 133 76

Seed point: 37 73 	Path 73 94 	User path 133 172 133

Seed point: 25 82 	Path 95 115 	User path 172 208 172

Seed point: 16 93 	Path 116 130 	User path 208 238 208

Seed point: 10 101 	Path 131 159 	User path 238 294 238

Seed point: 34 105 	Path 160 170 	User path 294 310 294

Seed point: 28 109 	Path 171 180 	User path 310 334 310

Seed point: 20 110 	Path 181 200 	User path 334 374 334

Seed point: 14 123 	Path 201 207 	User path 374 387 374

Seed point: 18 125 	Path 208 228 	User path 387 431 387

Seed point: 15 142 	Path 229 245 	User path 431 466 431

Seed point: 23 150 	Path 246 266 	User path 466 501 466

Seed point: 16 163 	Path 267 287 	User path 501 537 501

Seed point: 18 179 	Path 288 308 	User path 537 576 537

Seed point: 31 186 	Path 309 330 	User path 576 617 576

Seed point: 47 191 	Path 331 354 	User path 617 672 617

Seed point: 65 188 	Path 355 355 	User path 672 672 672

---------------------

Print path: 



[9 31] [9 32] [10 32] [10 33] [10 34] [10 35] [10 36] 
[10 37] [10 38] [10 39] [10 40] [10 41] [10 42] [10 43] 
[10 44] [10 45] [11 45] [12 45] [12 46] [12 47] [13 47] 
[13 47] [13 48] [13 49] [14 49] [14 50] [14 51] [15 51] 
[15 52] [15 53] [16 53] [16 54] [16 55] [17 55] [17 56] 
[18 56] [18 57] [18 58] [19 58] [19 59] [20 59] [20 60] 
[21 60] [21 60] [21 61] [22 61] [22 62] [22 63] [23 63] 
[23 64] [24 64] [24 65] [25 65] [25 66] [26 66] [27 66] 
[27 67] [28 67] [28 68] [29 68] [29 69] [30 69] [30 70] 
[31 70] [32 70] [32 71] [33 71] [34 71] [34 72] [35 72] 
[36 72] [36 73] [37 73] [37 73] [36 73] [36 74] [35 74] 
[35 75] [34 75] [33 75] [33 76] [32 76] [31 76] [31 77] 
[30 77] [30 78] [29 78] [29 79] [28 79] [27 79] [27 80] 
[26 80] [26 81] [25 81] [25 82] [25 82] [24 82] [24 83] 
[23 83] [23 84] [22 84] [22 85] [21 85] [21 86] [20 86] 
[20 87] [20 88] [19 88] [19 89] [18 89] [18 90] [17 90] 
[17 91] [17 92] [16 92] [16 93] [16 93] [15 93] [15 94] 
[15 95] [14 95] [14 96] [13 96] [13 97] [13 98] [12 98] 
[12 99] [12 100] [11 100] [11 101] [10 101] [10 101] [11 101] 
[11 102] [12 102] [13 102] [14 102] [15 102] [16 102] [17 102] 
[18 102] [18 103] [19 103] [20 103] [21 103] [22 103] [23 103] 
[24 103] [24 104] [25 104] [26 104] [27 104] [28 104] [29 104] 
[30 104] [30 105] [31 105] [32 105] [33 105] [34 105] [34 105] 
[33 105] [32 105] [31 105] [31 106] [31 107] [31 108] [30 108] 
[30 109] [29 109] [28 109] [28 109] [27 109] [26 109] [25 109] 
[25 110] [24 110] [23 110] [22 110] [21 110] [20 110] [20 110] 
[20 111] [19 111] [19 112] [19 113] [18 113] [18 114] [17 114] 
[17 115] [17 116] [16 116] [16 117] [16 118] [15 118] [15 119] 
[15 120] [14 120] [14 121] [14 122] [14 123] [14 123] [14 124] 
[15 124] [15 125] [16 125] [17 125] [18 125] [18 125] [17 125] 
[16 125] [16 126] [16 127] [16 128] [16 129] [16 130] [16 131] 
[15 131] [15 132] [15 133] [15 134] [15 135] [15 136] [15 137] 
[15 138] [15 139] [15 140] [15 141] [15 142] [15 142] [15 143] 
[15 144] [16 144] [16 145] [16 146] [16 147] [17 147] [17 148] 
[18 148] [18 149] [19 149] [19 150] [20 150] [21 150] [22 150] 
[23 150] [23 150] [23 151] [22 151] [22 152] [22 153] [21 153] 
[21 154] [20 154] [20 155] [19 155] [19 156] [19 157] [18 157] 
[18 158] [17 158] [17 159] [17 160] [16 160] [16 161] [16 162] 
[16 163] [16 163] [15 163] [15 164] [15 165] [15 166] [15 167] 
[15 168] [15 169] [15 170] [15 171] [15 172] [15 173] [15 174] 
[15 175] [16 175] [16 176] [17 176] [17 177] [17 178] [18 178] 
[18 179] [18 179] [19 179] [19 180] [20 180] [20 181] [21 181] 
[22 181] [22 182] [23 182] [23 183] [24 183] [25 183] [25 184] 
[26 184] [27 184] [27 185] [28 185] [29 185] [29 186] [30 186] 
[31 186] [31 186] [31 187] [32 187] [33 187] [34 187] [34 188] 
[35 188] [36 188] [37 188] [37 189] [38 189] [39 189] [39 190] 
[40 190] [41 190] [42 190] [43 190] [43 191] [44 191] [45 191] 
[46 191] [47 191] [47 191] [48 191] [48 192] [49 192] [50 192] 
[51 192] [52 192] [53 192] [54 192] [55 192] [56 192] [57 192] 
[58 192] [59 192] [60 192] [61 192] [61 191] [62 191] [62 190] 
[63 190] [63 189] [64 189] [65 189] [65 188] [65 188] 

